Build started 10/23/2014 9:01:56 PM.
     1>Project "D:\PROJETO\CPP\ALLEGRO\The3rdTrial\The3rdTrial\The3rdTrial.vcxproj" on node 2 (Build target(s)).
     1>ClCompile:
         C:\Program Files (x86)\Microsoft Visual Studio 11.0\VC\bin\CL.exe /c /ZI /nologo /W3 /WX- /Od /Oy- /D _MBCS /Gm /EHsc /RTC1 /MDd /GS /fp:precise /Zc:wchar_t /Zc:forScope /Fo"Debug\\" /Fd"Debug\vc110.pdb" /Gd /TP /analyze- /errorReport:prompt Camera.cpp Game.cpp Main.cpp
         Game.cpp
     1>d:\projeto\cpp\allegro\the3rdtrial\the3rdtrial\game.cpp(345): error C2664: 'Camera::update' : cannot convert parameter 1 from 'Player *' to 'Player &'
         Camera.cpp
         Generating Code...
         Skipping... (no relevant changes detected)
         Main.cpp
     1>Done Building Project "D:\PROJETO\CPP\ALLEGRO\The3rdTrial\The3rdTrial\The3rdTrial.vcxproj" (Build target(s)) -- FAILED.

Build FAILED.

Time Elapsed 00:00:07.03
